V = 0, 1, 2, 3

S = 0, 1, 2, 3, 4

B = 0, 1

P = 0, 1

K = 0, 1, 2, 3

L = 0, 1

R = 0, 1

Kp = 0, 1; 2, 3

Rp = 0, 1; 0, 1

Sv = 0; 1; 2, 3; 4

Sl = 0, 1, 3, 4; 0, 2

Ls = 0, 1; 0; 1; 0; 0

NumMovSL = 1, 5; 5, 0; 0, 3; 2, 0; 1, 0

LodTonSL = 10, 20; 10, 0; 0, 10; 10, 0; 40, 0

nv = 1, 1, 2, 1

NomV = 32, 14, 24, 58

EtaV = 300, 282, 374, 375

BufAtlV = 1, 1, 1, 1

BufDtaV = 1, 1, 1, 1

BufLtdV = 1, 1, 1, 1

LenS = 500, 500, 400, 300, 200

DurRecS = 72, 18, 72, 24, 20

LenP = 1000, 1000

CapDurK = 8, 8, 8, 8

CapMovL = 5, 5, 5, 5

CapTonL = 7, 10

BufDisP = 50, 200

DurRhh = 10, 10

Prod_Stacker = 2, 2

NumMxR = 2

Inf = 99999

VL = []

TD = []

TL = []

