Dic_instance

instance_name                :  03.txt
ships                        :  [0, 1, 2]
stockpiles                   :  [0, 1, 2, 3, 4]
berths                       :  [0, 1]
pads                         :  [0, 1]
stacker_streams              :  [0, 1, 2, 3]
load_points                  :  [0, 1]
reclaimers                   :  [0, 1]
stacker_streams_pad          :  [[0, 1], [2, 3]]
reclaimers_pad               :  [[0, 1], [0, 1]]
order_stockpiles_ship        :  [[0], [1, 2], [3, 4]]
least_stockpiles_lp          :  [[0, 1, 3], [0, 2, 4]]
least_lp_stockpile           :  [[0, 1], [0], [1], [0], [1]]
total_mov_stockpile_lp       :  [[1, 5], [5, 0], [0, 3], [2, 0], [0, 4]]
tonnage_mov_stockpile_lp     :  [[10, 20], [10, 0], [0, 10], [10, 0], [0, 5]]
total_stockpiles_ship        :  [1, 1, 2]
nomination_ship              :  [32, 14, 24]
eta_ship                     :  [300, 282, 374]
time_elapse_arrive_load      :  [1, 1, 1]
time_elapse_depart_arrive    :  [1, 1, 1]
time_elapse_load_depart      :  [1, 1, 1]
length_stockpile             :  [500, 500, 400, 300, 150]
time_reclaim_stockpile       :  [72, 18, 72, 24, 15]
lenght_pad                   :  [1000, 1000]
daily_cap_hours_stacker      :  [8, 8, 8, 8]
productivity                 :  [5, 5, 5, 5]
daily_cap_coal_mov_lp        :  [7, 10]
daily_cap_tonnage_lp         :  [50, 200]
distance_between_stockpiles  :  [10, 10]
time_reclaimer_moves         :  [2, 2]
maximum_reclaimers_use       :  2
infinite                     :  99999
large_ships                  :  []
times_start_of_day           :  []
times_large_ship_depart      :  []
inital_position_reclaimers   :  [250, 750]
velocity_reclaimeirs         :  [350, 350]
